[05-Oct-2024 16:07:27 UTC] PHP Fatal error:  Uncaught TypeError: preg_match(): Argument #2 ($subject) must be of type string, array given in /Users/alejandrarivasadames/Local Sites/test-tower/app/public/wp-includes/comment.php:2834
Stack trace:
#0 /Users/alejandrarivasadames/Local Sites/test-tower/app/public/wp-includes/comment.php(2834): preg_match('#(image|audio|v...', Array)
#1 /Users/alejandrarivasadames/Local Sites/test-tower/app/public/wp-includes/comment.php(3114): discover_pingback_server_uri('http://www.okee...')
#2 /Users/alejandrarivasadames/Local Sites/test-tower/app/public/wp-includes/comment.php(2906): pingback('Rerum inventore...', Object(WP_Post))
#3 /Users/alejandrarivasadames/Local Sites/test-tower/app/public/wp-includes/class-wp-hook.php(322): do_all_pingbacks()
#4 /Users/alejandrarivasadames/Local Sites/test-tower/app/public/wp-includes/class-wp-hook.php(348): WP_Hook->apply_filters('', Array)
#5 /Users/alejandrarivasadames/Local Sites/test-tower/app/public/wp-includes/plugin.php(517): WP_Hook->do_action(Array)
#6 /Users/alejandrarivasadames/Local Sites/test-tower/app/public/wp-includes/comment.php(2885): do_action('do_all_pings')
#7 /Users/alejandrarivasadames/Local Sites/test-tower/app/public/wp-includes/class-wp-hook.php(322): do_all_pings()
#8 /Users/alejandrarivasadames/Local Sites/test-tower/app/public/wp-includes/class-wp-hook.php(348): WP_Hook->apply_filters('', Array)
#9 /Users/alejandrarivasadames/Local Sites/test-tower/app/public/wp-includes/plugin.php(565): WP_Hook->do_action(Array)
#10 /Users/alejandrarivasadames/Local Sites/test-tower/app/public/wp-cron.php(191): do_action_ref_array('do_pings', Array)
#11 {main}
  thrown in /Users/alejandrarivasadames/Local Sites/test-tower/app/public/wp-includes/comment.php on line 2834
[05-Oct-2024 16:11:22 UTC] PHP Fatal error:  Uncaught Wpe_Content_Engine\Helper\Exceptions\MissingSettingsException: Missing WP Engine Smart Search URL. in /Users/alejandrarivasadames/Local Sites/test-tower/app/public/wp-content/plugins/atlas-search/helper/sync/graphql/client.php:72
Stack trace:
#0 /Users/alejandrarivasadames/Local Sites/test-tower/app/public/wp-content/plugins/atlas-search/src/index/post.php(226): Wpe_Content_Engine\Helper\Sync\GraphQL\Client->query('', 'query GetSemant...', Array, '', Array)
#1 /Users/alejandrarivasadames/Local Sites/test-tower/app/public/wp-content/plugins/atlas-search/src/index/semantic-search.php(84): AtlasSearch\Index\graphql('query GetSemant...', Array)
#2 /Users/alejandrarivasadames/Local Sites/test-tower/app/public/wp-content/plugins/atlas-search/src/index/batch.php(12): AtlasSearch\Index\get_semantic_search_config(true)
#3 /Users/alejandrarivasadames/Local Sites/test-tower/app/public/wp-content/plugins/atlas-search/helper/api/sync-data/sync-data-controller.php(108): AtlasSearch\Index\get_batch_size()
#4 /Users/alejandrarivasadames/Local Sites/test-tower/app/public/wp-includes/rest-api/class-wp-rest-server.php(1230): Wpe_Content_Engine\Helper\API\Sync_Data\Sync_Data_Controller->sync_data(Object(WP_REST_Request))
#5 /Users/alejandrarivasadames/Local Sites/test-tower/app/public/wp-includes/rest-api/class-wp-rest-server.php(1063): WP_REST_Server->respond_to_request(Object(WP_REST_Request), '/wpengine-smart...', Array, NULL)
#6 /Users/alejandrarivasadames/Local Sites/test-tower/app/public/wp-includes/rest-api/class-wp-rest-server.php(439): WP_REST_Server->dispatch(Object(WP_REST_Request))
#7 /Users/alejandrarivasadames/Local Sites/test-tower/app/public/wp-includes/rest-api.php(420): WP_REST_Server->serve_request('/wpengine-smart...')
#8 /Users/alejandrarivasadames/Local Sites/test-tower/app/public/wp-includes/class-wp-hook.php(324): rest_api_loaded(Object(WP))
#9 /Users/alejandrarivasadames/Local Sites/test-tower/app/public/wp-includes/class-wp-hook.php(348): WP_Hook->apply_filters('', Array)
#10 /Users/alejandrarivasadames/Local Sites/test-tower/app/public/wp-includes/plugin.php(565): WP_Hook->do_action(Array)
#11 /Users/alejandrarivasadames/Local Sites/test-tower/app/public/wp-includes/class-wp.php(418): do_action_ref_array('parse_request', Array)
#12 /Users/alejandrarivasadames/Local Sites/test-tower/app/public/wp-includes/class-wp.php(813): WP->parse_request('')
#13 /Users/alejandrarivasadames/Local Sites/test-tower/app/public/wp-includes/functions.php(1336): WP->main('')
#14 /Users/alejandrarivasadames/Local Sites/test-tower/app/public/wp-blog-header.php(16): wp()
#15 /Users/alejandrarivasadames/Local Sites/test-tower/app/public/index.php(17): require('/Users/alejandr...')
#16 {main}
  thrown in /Users/alejandrarivasadames/Local Sites/test-tower/app/public/wp-content/plugins/atlas-search/helper/sync/graphql/client.php on line 72
[05-Oct-2024 16:13:10 UTC] PHP Warning:  Attempt to read property "ID" on null in /Users/alejandrarivasadames/Local Sites/test-tower/app/public/wp-includes/rest-api/endpoints/class-wp-rest-autosaves-controller.php on line 167
[05-Oct-2024 16:13:10 UTC] PHP Warning:  Attempt to read property "ID" on null in /Users/alejandrarivasadames/Local Sites/test-tower/app/public/wp-includes/rest-api/endpoints/class-wp-rest-autosaves-controller.php on line 167
[05-Oct-2024 16:17:14 UTC] PHP Warning:  Attempt to read property "ID" on null in /Users/alejandrarivasadames/Local Sites/test-tower/app/public/wp-includes/rest-api/endpoints/class-wp-rest-autosaves-controller.php on line 167
[05-Oct-2024 16:17:14 UTC] PHP Warning:  Attempt to read property "ID" on null in /Users/alejandrarivasadames/Local Sites/test-tower/app/public/wp-includes/rest-api/endpoints/class-wp-rest-autosaves-controller.php on line 167
[05-Oct-2024 16:19:02 UTC] PHP Warning:  Undefined property: stdClass::$id in /Users/alejandrarivasadames/Local Sites/test-tower/app/public/wp-includes/rest-api/endpoints/class-wp-rest-posts-controller.php on line 675
[05-Oct-2024 16:19:02 UTC] PHP Warning:  Undefined property: stdClass::$post_parent in /Users/alejandrarivasadames/Local Sites/test-tower/app/public/wp-includes/rest-api/endpoints/class-wp-rest-posts-controller.php on line 678
[05-Oct-2024 16:24:24 UTC] PHP Warning:  Attempt to read property "ID" on null in /Users/alejandrarivasadames/Local Sites/test-tower/app/public/wp-includes/rest-api/endpoints/class-wp-rest-autosaves-controller.php on line 167
[05-Oct-2024 16:24:24 UTC] PHP Warning:  Attempt to read property "ID" on null in /Users/alejandrarivasadames/Local Sites/test-tower/app/public/wp-includes/rest-api/endpoints/class-wp-rest-autosaves-controller.php on line 167
[06-Oct-2024 20:14:04 UTC] PHP Fatal error:  Uncaught Wpe_Content_Engine\Helper\Exceptions\MissingSettingsException: Missing WP Engine Smart Search URL. in /Users/alejandrarivasadames/Local Sites/test-tower/app/public/wp-content/plugins/atlas-search/helper/sync/graphql/client.php:72
Stack trace:
#0 /Users/alejandrarivasadames/Local Sites/test-tower/app/public/wp-content/plugins/atlas-search/src/index/post.php(226): Wpe_Content_Engine\Helper\Sync\GraphQL\Client->query('', 'query GetSemant...', Array, '', Array)
#1 /Users/alejandrarivasadames/Local Sites/test-tower/app/public/wp-content/plugins/atlas-search/src/index/semantic-search.php(84): AtlasSearch\Index\graphql('query GetSemant...', Array)
#2 /Users/alejandrarivasadames/Local Sites/test-tower/app/public/wp-content/plugins/atlas-search/src/index/batch.php(12): AtlasSearch\Index\get_semantic_search_config(true)
#3 /Users/alejandrarivasadames/Local Sites/test-tower/app/public/wp-content/plugins/atlas-search/helper/api/sync-data/sync-data-controller.php(108): AtlasSearch\Index\get_batch_size()
#4 /Users/alejandrarivasadames/Local Sites/test-tower/app/public/wp-includes/rest-api/class-wp-rest-server.php(1230): Wpe_Content_Engine\Helper\API\Sync_Data\Sync_Data_Controller->sync_data(Object(WP_REST_Request))
#5 /Users/alejandrarivasadames/Local Sites/test-tower/app/public/wp-includes/rest-api/class-wp-rest-server.php(1063): WP_REST_Server->respond_to_request(Object(WP_REST_Request), '/wpengine-smart...', Array, NULL)
#6 /Users/alejandrarivasadames/Local Sites/test-tower/app/public/wp-includes/rest-api/class-wp-rest-server.php(439): WP_REST_Server->dispatch(Object(WP_REST_Request))
#7 /Users/alejandrarivasadames/Local Sites/test-tower/app/public/wp-includes/rest-api.php(420): WP_REST_Server->serve_request('/wpengine-smart...')
#8 /Users/alejandrarivasadames/Local Sites/test-tower/app/public/wp-includes/class-wp-hook.php(324): rest_api_loaded(Object(WP))
#9 /Users/alejandrarivasadames/Local Sites/test-tower/app/public/wp-includes/class-wp-hook.php(348): WP_Hook->apply_filters('', Array)
#10 /Users/alejandrarivasadames/Local Sites/test-tower/app/public/wp-includes/plugin.php(565): WP_Hook->do_action(Array)
#11 /Users/alejandrarivasadames/Local Sites/test-tower/app/public/wp-includes/class-wp.php(418): do_action_ref_array('parse_request', Array)
#12 /Users/alejandrarivasadames/Local Sites/test-tower/app/public/wp-includes/class-wp.php(813): WP->parse_request('')
#13 /Users/alejandrarivasadames/Local Sites/test-tower/app/public/wp-includes/functions.php(1336): WP->main('')
#14 /Users/alejandrarivasadames/Local Sites/test-tower/app/public/wp-blog-header.php(16): wp()
#15 /Users/alejandrarivasadames/Local Sites/test-tower/app/public/index.php(17): require('/Users/alejandr...')
#16 {main}
  thrown in /Users/alejandrarivasadames/Local Sites/test-tower/app/public/wp-content/plugins/atlas-search/helper/sync/graphql/client.php on line 72
[06-Oct-2024 20:27:02 UTC] PHP Fatal error:  Cannot redeclare tower_manager_page() (previously declared in /Users/alejandrarivasadames/Local Sites/test-tower/app/public/wp-content/plugins/my-first-plugin.php_/my-first-plugin.php:43) in /Users/alejandrarivasadames/Local Sites/test-tower/app/public/wp-content/plugins/second.php_/second.php on line 79
[07-Oct-2024 16:40:19 UTC] PHP Fatal error:  Cannot redeclare tower_manager_create_table() (previously declared in /Users/alejandrarivasadames/Local Sites/test-tower/app/public/wp-content/plugins/second-5.php_/second.php:11) in /Users/alejandrarivasadames/Local Sites/test-tower/app/public/wp-content/plugins/second-6.php_/second.php on line 24
[07-Oct-2024 16:47:21 UTC] PHP Fatal error:  Cannot redeclare tower_manager_create_table() (previously declared in /Users/alejandrarivasadames/Local Sites/test-tower/app/public/wp-content/plugins/second-5.php_/second.php:11) in /Users/alejandrarivasadames/Local Sites/test-tower/app/public/wp-content/plugins/second-7.php_/second.php on line 24
[07-Oct-2024 17:01:01 UTC] WordPress database error You have an error in your SQL syntax; check the manual that corresponds to your MySQL server version for the right syntax to use near '' at line 1 for query ALTER TABLE wp_towers ADD COLUMN weights varchar(255) DEFAULT '',  /* Add weights column */ made by activate_plugin, do_action('activate_second-9.php_/second.php'), WP_Hook->do_action, WP_Hook->apply_filters, tower_manager_create_table, dbDelta
[07-Oct-2024 17:01:01 UTC] WordPress database error You have an error in your SQL syntax; check the manual that corresponds to your MySQL server version for the right syntax to use near '' at line 1 for query ALTER TABLE wp_towers ADD COLUMN note tinytext DEFAULT '',         /* Add note column */ made by activate_plugin, do_action('activate_second-9.php_/second.php'), WP_Hook->do_action, WP_Hook->apply_filters, tower_manager_create_table, dbDelta
[07-Oct-2024 17:01:01 UTC] WordPress database error You have an error in your SQL syntax; check the manual that corresponds to your MySQL server version for the right syntax to use near '' at line 1 for query ALTER TABLE wp_towers ADD COLUMN weights varchar(255) DEFAULT '',  /* Add weights column */ made by require_once('wp-admin/admin.php'), require_once('wp-load.php'), require_once('wp-config.php'), require_once('wp-settings.php'), do_action('plugins_loaded'), WP_Hook->do_action, WP_Hook->apply_filters, tower_manager_update_db_check, tower_manager_create_table, dbDelta
[07-Oct-2024 17:01:01 UTC] WordPress database error You have an error in your SQL syntax; check the manual that corresponds to your MySQL server version for the right syntax to use near '' at line 1 for query ALTER TABLE wp_towers ADD COLUMN note tinytext DEFAULT '',         /* Add note column */ made by require_once('wp-admin/admin.php'), require_once('wp-load.php'), require_once('wp-config.php'), require_once('wp-settings.php'), do_action('plugins_loaded'), WP_Hook->do_action, WP_Hook->apply_filters, tower_manager_update_db_check, tower_manager_create_table, dbDelta
[07-Oct-2024 17:01:02 UTC] WordPress database error You have an error in your SQL syntax; check the manual that corresponds to your MySQL server version for the right syntax to use near '' at line 1 for query ALTER TABLE wp_towers ADD COLUMN weights varchar(255) DEFAULT '',  /* Add weights column */ made by require_once('wp-load.php'), require_once('wp-config.php'), require_once('wp-settings.php'), do_action('plugins_loaded'), WP_Hook->do_action, WP_Hook->apply_filters, tower_manager_update_db_check, tower_manager_create_table, dbDelta
[07-Oct-2024 17:01:02 UTC] WordPress database error You have an error in your SQL syntax; check the manual that corresponds to your MySQL server version for the right syntax to use near '' at line 1 for query ALTER TABLE wp_towers ADD COLUMN note tinytext DEFAULT '',         /* Add note column */ made by require_once('wp-load.php'), require_once('wp-config.php'), require_once('wp-settings.php'), do_action('plugins_loaded'), WP_Hook->do_action, WP_Hook->apply_filters, tower_manager_update_db_check, tower_manager_create_table, dbDelta
[07-Oct-2024 17:01:14 UTC] WordPress database error You have an error in your SQL syntax; check the manual that corresponds to your MySQL server version for the right syntax to use near '' at line 1 for query ALTER TABLE wp_towers ADD COLUMN weights varchar(255) DEFAULT '',  /* Add weights column */ made by require_once('wp-load.php'), require_once('wp-config.php'), require_once('wp-settings.php'), do_action('plugins_loaded'), WP_Hook->do_action, WP_Hook->apply_filters, tower_manager_update_db_check, tower_manager_create_table, dbDelta
[07-Oct-2024 17:01:14 UTC] WordPress database error You have an error in your SQL syntax; check the manual that corresponds to your MySQL server version for the right syntax to use near '' at line 1 for query ALTER TABLE wp_towers ADD COLUMN note tinytext DEFAULT '',         /* Add note column */ made by require_once('wp-load.php'), require_once('wp-config.php'), require_once('wp-settings.php'), do_action('plugins_loaded'), WP_Hook->do_action, WP_Hook->apply_filters, tower_manager_update_db_check, tower_manager_create_table, dbDelta
[07-Oct-2024 17:01:14 UTC] PHP Warning:  Undefined array key 4 in /Users/alejandrarivasadames/Local Sites/test-tower/app/public/wp-content/plugins/second-9.php_/second.php on line 68
[07-Oct-2024 17:01:14 UTC] PHP Warning:  Undefined array key 5 in /Users/alejandrarivasadames/Local Sites/test-tower/app/public/wp-content/plugins/second-9.php_/second.php on line 69
[07-Oct-2024 17:01:14 UTC] WordPress database error Unknown column 'weights' in 'field list' for query INSERT INTO `wp_towers` (`name`, `bells`, `image_id`, `weights`, `note`) VALUES ('Tower A', '8', 'Unknown-3.jpg', '', '') made by do_action('toplevel_page_tower-manager'), WP_Hook->do_action, WP_Hook->apply_filters, tower_manager_page
[07-Oct-2024 17:01:14 UTC] PHP Warning:  Undefined array key 4 in /Users/alejandrarivasadames/Local Sites/test-tower/app/public/wp-content/plugins/second-9.php_/second.php on line 68
[07-Oct-2024 17:01:14 UTC] PHP Warning:  Undefined array key 5 in /Users/alejandrarivasadames/Local Sites/test-tower/app/public/wp-content/plugins/second-9.php_/second.php on line 69
[07-Oct-2024 17:01:14 UTC] WordPress database error Unknown column 'weights' in 'field list' for query INSERT INTO `wp_towers` (`name`, `bells`, `image_id`, `weights`, `note`) VALUES ('Tower B', '6', 'Unknown.jpg', '', '') made by do_action('toplevel_page_tower-manager'), WP_Hook->do_action, WP_Hook->apply_filters, tower_manager_page
[07-Oct-2024 17:01:14 UTC] PHP Warning:  Undefined array key 4 in /Users/alejandrarivasadames/Local Sites/test-tower/app/public/wp-content/plugins/second-9.php_/second.php on line 68
[07-Oct-2024 17:01:14 UTC] PHP Warning:  Undefined array key 5 in /Users/alejandrarivasadames/Local Sites/test-tower/app/public/wp-content/plugins/second-9.php_/second.php on line 69
[07-Oct-2024 17:01:14 UTC] WordPress database error Unknown column 'weights' in 'field list' for query INSERT INTO `wp_towers` (`name`, `bells`, `image_id`, `weights`, `note`) VALUES ('Tower C', '10', 'Unknown-2.jpg', '', '') made by do_action('toplevel_page_tower-manager'), WP_Hook->do_action, WP_Hook->apply_filters, tower_manager_page
[07-Oct-2024 17:01:14 UTC] PHP Warning:  Undefined array key 4 in /Users/alejandrarivasadames/Local Sites/test-tower/app/public/wp-content/plugins/second-9.php_/second.php on line 68
[07-Oct-2024 17:01:14 UTC] PHP Warning:  Undefined array key 5 in /Users/alejandrarivasadames/Local Sites/test-tower/app/public/wp-content/plugins/second-9.php_/second.php on line 69
[07-Oct-2024 17:01:14 UTC] WordPress database error Unknown column 'weights' in 'field list' for query INSERT INTO `wp_towers` (`name`, `bells`, `image_id`, `weights`, `note`) VALUES ('Tower D', '8', 'Unknown-3.jpg', '', '') made by do_action('toplevel_page_tower-manager'), WP_Hook->do_action, WP_Hook->apply_filters, tower_manager_page
[07-Oct-2024 17:01:14 UTC] PHP Warning:  Undefined array key 4 in /Users/alejandrarivasadames/Local Sites/test-tower/app/public/wp-content/plugins/second-9.php_/second.php on line 68
[07-Oct-2024 17:01:14 UTC] PHP Warning:  Undefined array key 5 in /Users/alejandrarivasadames/Local Sites/test-tower/app/public/wp-content/plugins/second-9.php_/second.php on line 69
[07-Oct-2024 17:01:14 UTC] WordPress database error Unknown column 'weights' in 'field list' for query INSERT INTO `wp_towers` (`name`, `bells`, `image_id`, `weights`, `note`) VALUES ('Tower E', '6', 'Unknown-3.jpg', '', '') made by do_action('toplevel_page_tower-manager'), WP_Hook->do_action, WP_Hook->apply_filters, tower_manager_page
[07-Oct-2024 17:01:14 UTC] PHP Warning:  Undefined array key 4 in /Users/alejandrarivasadames/Local Sites/test-tower/app/public/wp-content/plugins/second-9.php_/second.php on line 68
[07-Oct-2024 17:01:14 UTC] PHP Warning:  Undefined array key 5 in /Users/alejandrarivasadames/Local Sites/test-tower/app/public/wp-content/plugins/second-9.php_/second.php on line 69
[07-Oct-2024 17:01:14 UTC] WordPress database error Unknown column 'weights' in 'field list' for query INSERT INTO `wp_towers` (`name`, `bells`, `image_id`, `weights`, `note`) VALUES ('Tower F', '6', 'Unknown-3.jpg', '', '') made by do_action('toplevel_page_tower-manager'), WP_Hook->do_action, WP_Hook->apply_filters, tower_manager_page
[07-Oct-2024 17:01:25 UTC] WordPress database error You have an error in your SQL syntax; check the manual that corresponds to your MySQL server version for the right syntax to use near '' at line 1 for query ALTER TABLE wp_towers ADD COLUMN weights varchar(255) DEFAULT '',  /* Add weights column */ made by require_once('wp-load.php'), require_once('wp-config.php'), require_once('wp-settings.php'), do_action('plugins_loaded'), WP_Hook->do_action, WP_Hook->apply_filters, tower_manager_update_db_check, tower_manager_create_table, dbDelta
[07-Oct-2024 17:01:25 UTC] WordPress database error You have an error in your SQL syntax; check the manual that corresponds to your MySQL server version for the right syntax to use near '' at line 1 for query ALTER TABLE wp_towers ADD COLUMN note tinytext DEFAULT '',         /* Add note column */ made by require_once('wp-load.php'), require_once('wp-config.php'), require_once('wp-settings.php'), do_action('plugins_loaded'), WP_Hook->do_action, WP_Hook->apply_filters, tower_manager_update_db_check, tower_manager_create_table, dbDelta
[07-Oct-2024 17:01:32 UTC] WordPress database error You have an error in your SQL syntax; check the manual that corresponds to your MySQL server version for the right syntax to use near '' at line 1 for query ALTER TABLE wp_towers ADD COLUMN weights varchar(255) DEFAULT '',  /* Add weights column */ made by require_once('wp-admin/admin.php'), require_once('wp-load.php'), require_once('wp-config.php'), require_once('wp-settings.php'), do_action('plugins_loaded'), WP_Hook->do_action, WP_Hook->apply_filters, tower_manager_update_db_check, tower_manager_create_table, dbDelta
[07-Oct-2024 17:01:32 UTC] WordPress database error You have an error in your SQL syntax; check the manual that corresponds to your MySQL server version for the right syntax to use near '' at line 1 for query ALTER TABLE wp_towers ADD COLUMN note tinytext DEFAULT '',         /* Add note column */ made by require_once('wp-admin/admin.php'), require_once('wp-load.php'), require_once('wp-config.php'), require_once('wp-settings.php'), do_action('plugins_loaded'), WP_Hook->do_action, WP_Hook->apply_filters, tower_manager_update_db_check, tower_manager_create_table, dbDelta
[07-Oct-2024 17:01:34 UTC] WordPress database error You have an error in your SQL syntax; check the manual that corresponds to your MySQL server version for the right syntax to use near '' at line 1 for query ALTER TABLE wp_towers ADD COLUMN weights varchar(255) DEFAULT '',  /* Add weights column */ made by require_once('wp-admin/admin.php'), require_once('wp-load.php'), require_once('wp-config.php'), require_once('wp-settings.php'), do_action('plugins_loaded'), WP_Hook->do_action, WP_Hook->apply_filters, tower_manager_update_db_check, tower_manager_create_table, dbDelta
[07-Oct-2024 17:01:34 UTC] WordPress database error You have an error in your SQL syntax; check the manual that corresponds to your MySQL server version for the right syntax to use near '' at line 1 for query ALTER TABLE wp_towers ADD COLUMN note tinytext DEFAULT '',         /* Add note column */ made by require_once('wp-admin/admin.php'), require_once('wp-load.php'), require_once('wp-config.php'), require_once('wp-settings.php'), do_action('plugins_loaded'), WP_Hook->do_action, WP_Hook->apply_filters, tower_manager_update_db_check, tower_manager_create_table, dbDelta
[07-Oct-2024 17:01:40 UTC] WordPress database error You have an error in your SQL syntax; check the manual that corresponds to your MySQL server version for the right syntax to use near '' at line 1 for query ALTER TABLE wp_towers ADD COLUMN weights varchar(255) DEFAULT '',  /* Add weights column */ made by require_once('wp-admin/admin.php'), require_once('wp-load.php'), require_once('wp-config.php'), require_once('wp-settings.php'), do_action('plugins_loaded'), WP_Hook->do_action, WP_Hook->apply_filters, tower_manager_update_db_check, tower_manager_create_table, dbDelta
[07-Oct-2024 17:01:40 UTC] WordPress database error You have an error in your SQL syntax; check the manual that corresponds to your MySQL server version for the right syntax to use near '' at line 1 for query ALTER TABLE wp_towers ADD COLUMN note tinytext DEFAULT '',         /* Add note column */ made by require_once('wp-admin/admin.php'), require_once('wp-load.php'), require_once('wp-config.php'), require_once('wp-settings.php'), do_action('plugins_loaded'), WP_Hook->do_action, WP_Hook->apply_filters, tower_manager_update_db_check, tower_manager_create_table, dbDelta
[07-Oct-2024 17:02:06 UTC] WordPress database error You have an error in your SQL syntax; check the manual that corresponds to your MySQL server version for the right syntax to use near '' at line 1 for query ALTER TABLE wp_towers ADD COLUMN weights varchar(255) DEFAULT '',  /* Add weights column */ made by activate_plugin, do_action('activate_second-9.php_/second.php'), WP_Hook->do_action, WP_Hook->apply_filters, tower_manager_create_table, dbDelta
[07-Oct-2024 17:02:06 UTC] WordPress database error You have an error in your SQL syntax; check the manual that corresponds to your MySQL server version for the right syntax to use near '' at line 1 for query ALTER TABLE wp_towers ADD COLUMN note tinytext DEFAULT '',         /* Add note column */ made by activate_plugin, do_action('activate_second-9.php_/second.php'), WP_Hook->do_action, WP_Hook->apply_filters, tower_manager_create_table, dbDelta
[07-Oct-2024 17:02:06 UTC] WordPress database error You have an error in your SQL syntax; check the manual that corresponds to your MySQL server version for the right syntax to use near '' at line 1 for query ALTER TABLE wp_towers ADD COLUMN weights varchar(255) DEFAULT '',  /* Add weights column */ made by require_once('wp-admin/admin.php'), require_once('wp-load.php'), require_once('wp-config.php'), require_once('wp-settings.php'), do_action('plugins_loaded'), WP_Hook->do_action, WP_Hook->apply_filters, tower_manager_update_db_check, tower_manager_create_table, dbDelta
[07-Oct-2024 17:02:06 UTC] WordPress database error You have an error in your SQL syntax; check the manual that corresponds to your MySQL server version for the right syntax to use near '' at line 1 for query ALTER TABLE wp_towers ADD COLUMN note tinytext DEFAULT '',         /* Add note column */ made by require_once('wp-admin/admin.php'), require_once('wp-load.php'), require_once('wp-config.php'), require_once('wp-settings.php'), do_action('plugins_loaded'), WP_Hook->do_action, WP_Hook->apply_filters, tower_manager_update_db_check, tower_manager_create_table, dbDelta
[07-Oct-2024 17:02:11 UTC] WordPress database error You have an error in your SQL syntax; check the manual that corresponds to your MySQL server version for the right syntax to use near '' at line 1 for query ALTER TABLE wp_towers ADD COLUMN weights varchar(255) DEFAULT '',  /* Add weights column */ made by require_once('wp-load.php'), require_once('wp-config.php'), require_once('wp-settings.php'), do_action('plugins_loaded'), WP_Hook->do_action, WP_Hook->apply_filters, tower_manager_update_db_check, tower_manager_create_table, dbDelta
[07-Oct-2024 17:02:11 UTC] WordPress database error You have an error in your SQL syntax; check the manual that corresponds to your MySQL server version for the right syntax to use near '' at line 1 for query ALTER TABLE wp_towers ADD COLUMN note tinytext DEFAULT '',         /* Add note column */ made by require_once('wp-load.php'), require_once('wp-config.php'), require_once('wp-settings.php'), do_action('plugins_loaded'), WP_Hook->do_action, WP_Hook->apply_filters, tower_manager_update_db_check, tower_manager_create_table, dbDelta
[07-Oct-2024 17:02:56 UTC] WordPress database error You have an error in your SQL syntax; check the manual that corresponds to your MySQL server version for the right syntax to use near '' at line 1 for query ALTER TABLE wp_towers ADD COLUMN weights varchar(255) DEFAULT '',  /* Add weights column */ made by require_once('wp-load.php'), require_once('wp-config.php'), require_once('wp-settings.php'), do_action('plugins_loaded'), WP_Hook->do_action, WP_Hook->apply_filters, tower_manager_update_db_check, tower_manager_create_table, dbDelta
[07-Oct-2024 17:02:56 UTC] WordPress database error You have an error in your SQL syntax; check the manual that corresponds to your MySQL server version for the right syntax to use near '' at line 1 for query ALTER TABLE wp_towers ADD COLUMN note tinytext DEFAULT '',         /* Add note column */ made by require_once('wp-load.php'), require_once('wp-config.php'), require_once('wp-settings.php'), do_action('plugins_loaded'), WP_Hook->do_action, WP_Hook->apply_filters, tower_manager_update_db_check, tower_manager_create_table, dbDelta
[07-Oct-2024 17:02:56 UTC] WordPress database error Unknown column 'weights' in 'field list' for query INSERT INTO `wp_towers` (`name`, `bells`, `image_id`, `weights`, `note`) VALUES ('Tower A', '8', 'Unknown-3.jpg', 'r', 'h') made by do_action('toplevel_page_tower-manager'), WP_Hook->do_action, WP_Hook->apply_filters, tower_manager_page
[07-Oct-2024 17:02:56 UTC] WordPress database error Unknown column 'weights' in 'field list' for query INSERT INTO `wp_towers` (`name`, `bells`, `image_id`, `weights`, `note`) VALUES ('Tower B', '6', 'Unknown.jpg', 's', 'i') made by do_action('toplevel_page_tower-manager'), WP_Hook->do_action, WP_Hook->apply_filters, tower_manager_page
[07-Oct-2024 17:02:56 UTC] WordPress database error Unknown column 'weights' in 'field list' for query INSERT INTO `wp_towers` (`name`, `bells`, `image_id`, `weights`, `note`) VALUES ('Tower C', '10', 'Unknown-2.jpg', 't', '') made by do_action('toplevel_page_tower-manager'), WP_Hook->do_action, WP_Hook->apply_filters, tower_manager_page
[07-Oct-2024 17:02:56 UTC] WordPress database error Unknown column 'weights' in 'field list' for query INSERT INTO `wp_towers` (`name`, `bells`, `image_id`, `weights`, `note`) VALUES ('Tower D', '8', 'Unknown-3.jpg', 'k', '') made by do_action('toplevel_page_tower-manager'), WP_Hook->do_action, WP_Hook->apply_filters, tower_manager_page
[07-Oct-2024 17:02:56 UTC] WordPress database error Unknown column 'weights' in 'field list' for query INSERT INTO `wp_towers` (`name`, `bells`, `image_id`, `weights`, `note`) VALUES ('Tower E', '6', 'Unknown-3.jpg', 'u', 'l') made by do_action('toplevel_page_tower-manager'), WP_Hook->do_action, WP_Hook->apply_filters, tower_manager_page
[07-Oct-2024 17:02:56 UTC] WordPress database error Unknown column 'weights' in 'field list' for query INSERT INTO `wp_towers` (`name`, `bells`, `image_id`, `weights`, `note`) VALUES ('Tower F', '6', 'Unknown-3.jpg', 'w', '') made by do_action('toplevel_page_tower-manager'), WP_Hook->do_action, WP_Hook->apply_filters, tower_manager_page
[07-Oct-2024 17:03:02 UTC] WordPress database error You have an error in your SQL syntax; check the manual that corresponds to your MySQL server version for the right syntax to use near '' at line 1 for query ALTER TABLE wp_towers ADD COLUMN weights varchar(255) DEFAULT '',  /* Add weights column */ made by require_once('wp-load.php'), require_once('wp-config.php'), require_once('wp-settings.php'), do_action('plugins_loaded'), WP_Hook->do_action, WP_Hook->apply_filters, tower_manager_update_db_check, tower_manager_create_table, dbDelta
[07-Oct-2024 17:03:02 UTC] WordPress database error You have an error in your SQL syntax; check the manual that corresponds to your MySQL server version for the right syntax to use near '' at line 1 for query ALTER TABLE wp_towers ADD COLUMN note tinytext DEFAULT '',         /* Add note column */ made by require_once('wp-load.php'), require_once('wp-config.php'), require_once('wp-settings.php'), do_action('plugins_loaded'), WP_Hook->do_action, WP_Hook->apply_filters, tower_manager_update_db_check, tower_manager_create_table, dbDelta
[07-Oct-2024 17:03:02 UTC] WordPress database error Unknown column 'weights' in 'field list' for query INSERT INTO `wp_towers` (`name`, `bells`, `image_id`, `weights`, `note`) VALUES ('Tower A', '8', 'Unknown-3.jpg', 'r', 'h') made by do_action('toplevel_page_tower-manager'), WP_Hook->do_action, WP_Hook->apply_filters, tower_manager_page
[07-Oct-2024 17:03:02 UTC] WordPress database error Unknown column 'weights' in 'field list' for query INSERT INTO `wp_towers` (`name`, `bells`, `image_id`, `weights`, `note`) VALUES ('Tower B', '6', 'Unknown.jpg', 's', 'i') made by do_action('toplevel_page_tower-manager'), WP_Hook->do_action, WP_Hook->apply_filters, tower_manager_page
[07-Oct-2024 17:03:02 UTC] WordPress database error Unknown column 'weights' in 'field list' for query INSERT INTO `wp_towers` (`name`, `bells`, `image_id`, `weights`, `note`) VALUES ('Tower C', '10', 'Unknown-2.jpg', 't', '') made by do_action('toplevel_page_tower-manager'), WP_Hook->do_action, WP_Hook->apply_filters, tower_manager_page
[07-Oct-2024 17:03:02 UTC] WordPress database error Unknown column 'weights' in 'field list' for query INSERT INTO `wp_towers` (`name`, `bells`, `image_id`, `weights`, `note`) VALUES ('Tower D', '8', 'Unknown-3.jpg', 'k', '') made by do_action('toplevel_page_tower-manager'), WP_Hook->do_action, WP_Hook->apply_filters, tower_manager_page
[07-Oct-2024 17:03:02 UTC] WordPress database error Unknown column 'weights' in 'field list' for query INSERT INTO `wp_towers` (`name`, `bells`, `image_id`, `weights`, `note`) VALUES ('Tower E', '6', 'Unknown-3.jpg', 'u', 'l') made by do_action('toplevel_page_tower-manager'), WP_Hook->do_action, WP_Hook->apply_filters, tower_manager_page
[07-Oct-2024 17:03:02 UTC] WordPress database error Unknown column 'weights' in 'field list' for query INSERT INTO `wp_towers` (`name`, `bells`, `image_id`, `weights`, `note`) VALUES ('Tower F', '6', 'Unknown-3.jpg', 'w', '') made by do_action('toplevel_page_tower-manager'), WP_Hook->do_action, WP_Hook->apply_filters, tower_manager_page
[07-Oct-2024 17:03:08 UTC] WordPress database error You have an error in your SQL syntax; check the manual that corresponds to your MySQL server version for the right syntax to use near '' at line 1 for query ALTER TABLE wp_towers ADD COLUMN weights varchar(255) DEFAULT '',  /* Add weights column */ made by require_once('wp-load.php'), require_once('wp-config.php'), require_once('wp-settings.php'), do_action('plugins_loaded'), WP_Hook->do_action, WP_Hook->apply_filters, tower_manager_update_db_check, tower_manager_create_table, dbDelta
[07-Oct-2024 17:03:08 UTC] WordPress database error You have an error in your SQL syntax; check the manual that corresponds to your MySQL server version for the right syntax to use near '' at line 1 for query ALTER TABLE wp_towers ADD COLUMN note tinytext DEFAULT '',         /* Add note column */ made by require_once('wp-load.php'), require_once('wp-config.php'), require_once('wp-settings.php'), do_action('plugins_loaded'), WP_Hook->do_action, WP_Hook->apply_filters, tower_manager_update_db_check, tower_manager_create_table, dbDelta
[07-Oct-2024 17:03:08 UTC] WordPress database error Unknown column 'weights' in 'field list' for query INSERT INTO `wp_towers` (`name`, `bells`, `image_id`, `weights`, `note`) VALUES ('Tower A', '8', 'Unknown-3.jpg', 'r', 'h') made by do_action('toplevel_page_tower-manager'), WP_Hook->do_action, WP_Hook->apply_filters, tower_manager_page
[07-Oct-2024 17:03:08 UTC] WordPress database error Unknown column 'weights' in 'field list' for query INSERT INTO `wp_towers` (`name`, `bells`, `image_id`, `weights`, `note`) VALUES ('Tower B', '6', 'Unknown.jpg', 's', 'i') made by do_action('toplevel_page_tower-manager'), WP_Hook->do_action, WP_Hook->apply_filters, tower_manager_page
[07-Oct-2024 17:03:08 UTC] WordPress database error Unknown column 'weights' in 'field list' for query INSERT INTO `wp_towers` (`name`, `bells`, `image_id`, `weights`, `note`) VALUES ('Tower C', '10', 'Unknown-2.jpg', 't', '') made by do_action('toplevel_page_tower-manager'), WP_Hook->do_action, WP_Hook->apply_filters, tower_manager_page
[07-Oct-2024 17:03:08 UTC] WordPress database error Unknown column 'weights' in 'field list' for query INSERT INTO `wp_towers` (`name`, `bells`, `image_id`, `weights`, `note`) VALUES ('Tower D', '8', 'Unknown-3.jpg', 'k', '') made by do_action('toplevel_page_tower-manager'), WP_Hook->do_action, WP_Hook->apply_filters, tower_manager_page
[07-Oct-2024 17:03:08 UTC] WordPress database error Unknown column 'weights' in 'field list' for query INSERT INTO `wp_towers` (`name`, `bells`, `image_id`, `weights`, `note`) VALUES ('Tower E', '6', 'Unknown-3.jpg', 'u', 'l') made by do_action('toplevel_page_tower-manager'), WP_Hook->do_action, WP_Hook->apply_filters, tower_manager_page
[07-Oct-2024 17:03:08 UTC] WordPress database error Unknown column 'weights' in 'field list' for query INSERT INTO `wp_towers` (`name`, `bells`, `image_id`, `weights`, `note`) VALUES ('Tower F', '6', 'Unknown-3.jpg', 'w', '') made by do_action('toplevel_page_tower-manager'), WP_Hook->do_action, WP_Hook->apply_filters, tower_manager_page
[07-Oct-2024 17:03:26 UTC] WordPress database error You have an error in your SQL syntax; check the manual that corresponds to your MySQL server version for the right syntax to use near '' at line 1 for query ALTER TABLE wp_towers ADD COLUMN weights varchar(255) DEFAULT '',  /* Add weights column */ made by require_once('wp-load.php'), require_once('wp-config.php'), require_once('wp-settings.php'), do_action('plugins_loaded'), WP_Hook->do_action, WP_Hook->apply_filters, tower_manager_update_db_check, tower_manager_create_table, dbDelta
[07-Oct-2024 17:03:26 UTC] WordPress database error You have an error in your SQL syntax; check the manual that corresponds to your MySQL server version for the right syntax to use near '' at line 1 for query ALTER TABLE wp_towers ADD COLUMN note tinytext DEFAULT '',         /* Add note column */ made by require_once('wp-load.php'), require_once('wp-config.php'), require_once('wp-settings.php'), do_action('plugins_loaded'), WP_Hook->do_action, WP_Hook->apply_filters, tower_manager_update_db_check, tower_manager_create_table, dbDelta
[07-Oct-2024 17:03:26 UTC] WordPress database error Unknown column 'weights' in 'field list' for query INSERT INTO `wp_towers` (`name`, `bells`, `image_id`, `weights`, `note`) VALUES ('Tower A', '8', 'Unknown-3.jpg', 'r', 'h') made by do_action('toplevel_page_tower-manager'), WP_Hook->do_action, WP_Hook->apply_filters, tower_manager_page
[07-Oct-2024 17:03:26 UTC] WordPress database error Unknown column 'weights' in 'field list' for query INSERT INTO `wp_towers` (`name`, `bells`, `image_id`, `weights`, `note`) VALUES ('Tower B', '6', 'Unknown.jpg', 's', 'i') made by do_action('toplevel_page_tower-manager'), WP_Hook->do_action, WP_Hook->apply_filters, tower_manager_page
[07-Oct-2024 17:03:26 UTC] WordPress database error Unknown column 'weights' in 'field list' for query INSERT INTO `wp_towers` (`name`, `bells`, `image_id`, `weights`, `note`) VALUES ('Tower C', '10', 'Unknown-2.jpg', 's', 'h') made by do_action('toplevel_page_tower-manager'), WP_Hook->do_action, WP_Hook->apply_filters, tower_manager_page
[07-Oct-2024 17:03:26 UTC] WordPress database error Unknown column 'weights' in 'field list' for query INSERT INTO `wp_towers` (`name`, `bells`, `image_id`, `weights`, `note`) VALUES ('Tower D', '8', 'Unknown-3.jpg', 's', 'i') made by do_action('toplevel_page_tower-manager'), WP_Hook->do_action, WP_Hook->apply_filters, tower_manager_page
[07-Oct-2024 17:03:26 UTC] WordPress database error Unknown column 'weights' in 'field list' for query INSERT INTO `wp_towers` (`name`, `bells`, `image_id`, `weights`, `note`) VALUES ('Tower E', '6', 'Unknown-3.jpg', 's', 'h') made by do_action('toplevel_page_tower-manager'), WP_Hook->do_action, WP_Hook->apply_filters, tower_manager_page
[07-Oct-2024 17:03:26 UTC] WordPress database error Unknown column 'weights' in 'field list' for query INSERT INTO `wp_towers` (`name`, `bells`, `image_id`, `weights`, `note`) VALUES ('Tower F', '6', 'Unknown-3.jpg', 'w', 'i') made by do_action('toplevel_page_tower-manager'), WP_Hook->do_action, WP_Hook->apply_filters, tower_manager_page
[07-Oct-2024 17:04:27 UTC] WordPress database error You have an error in your SQL syntax; check the manual that corresponds to your MySQL server version for the right syntax to use near '' at line 1 for query ALTER TABLE wp_towers ADD COLUMN weights varchar(255) DEFAULT '',  /* Add weights column */ made by require_once('wp-load.php'), require_once('wp-config.php'), require_once('wp-settings.php'), do_action('plugins_loaded'), WP_Hook->do_action, WP_Hook->apply_filters, tower_manager_update_db_check, tower_manager_create_table, dbDelta
[07-Oct-2024 17:04:27 UTC] WordPress database error You have an error in your SQL syntax; check the manual that corresponds to your MySQL server version for the right syntax to use near '' at line 1 for query ALTER TABLE wp_towers ADD COLUMN note tinytext DEFAULT '',         /* Add note column */ made by require_once('wp-load.php'), require_once('wp-config.php'), require_once('wp-settings.php'), do_action('plugins_loaded'), WP_Hook->do_action, WP_Hook->apply_filters, tower_manager_update_db_check, tower_manager_create_table, dbDelta
[07-Oct-2024 17:05:28 UTC] WordPress database error You have an error in your SQL syntax; check the manual that corresponds to your MySQL server version for the right syntax to use near '' at line 1 for query ALTER TABLE wp_towers ADD COLUMN weights varchar(255) DEFAULT '',  /* Add weights column */ made by require_once('wp-load.php'), require_once('wp-config.php'), require_once('wp-settings.php'), do_action('plugins_loaded'), WP_Hook->do_action, WP_Hook->apply_filters, tower_manager_update_db_check, tower_manager_create_table, dbDelta
[07-Oct-2024 17:05:28 UTC] WordPress database error You have an error in your SQL syntax; check the manual that corresponds to your MySQL server version for the right syntax to use near '' at line 1 for query ALTER TABLE wp_towers ADD COLUMN note tinytext DEFAULT '',         /* Add note column */ made by require_once('wp-load.php'), require_once('wp-config.php'), require_once('wp-settings.php'), do_action('plugins_loaded'), WP_Hook->do_action, WP_Hook->apply_filters, tower_manager_update_db_check, tower_manager_create_table, dbDelta
[07-Oct-2024 17:05:30 UTC] WordPress database error You have an error in your SQL syntax; check the manual that corresponds to your MySQL server version for the right syntax to use near '' at line 1 for query ALTER TABLE wp_towers ADD COLUMN weights varchar(255) DEFAULT '',  /* Add weights column */ made by require_once('wp-load.php'), require_once('wp-config.php'), require_once('wp-settings.php'), do_action('plugins_loaded'), WP_Hook->do_action, WP_Hook->apply_filters, tower_manager_update_db_check, tower_manager_create_table, dbDelta
[07-Oct-2024 17:05:30 UTC] WordPress database error You have an error in your SQL syntax; check the manual that corresponds to your MySQL server version for the right syntax to use near '' at line 1 for query ALTER TABLE wp_towers ADD COLUMN note tinytext DEFAULT '',         /* Add note column */ made by require_once('wp-load.php'), require_once('wp-config.php'), require_once('wp-settings.php'), do_action('plugins_loaded'), WP_Hook->do_action, WP_Hook->apply_filters, tower_manager_update_db_check, tower_manager_create_table, dbDelta
[07-Oct-2024 17:05:33 UTC] WordPress database error You have an error in your SQL syntax; check the manual that corresponds to your MySQL server version for the right syntax to use near '' at line 1 for query ALTER TABLE wp_towers ADD COLUMN weights varchar(255) DEFAULT '',  /* Add weights column */ made by require_once('wp-admin/admin.php'), require_once('wp-load.php'), require_once('wp-config.php'), require_once('wp-settings.php'), do_action('plugins_loaded'), WP_Hook->do_action, WP_Hook->apply_filters, tower_manager_update_db_check, tower_manager_create_table, dbDelta
[07-Oct-2024 17:05:33 UTC] WordPress database error You have an error in your SQL syntax; check the manual that corresponds to your MySQL server version for the right syntax to use near '' at line 1 for query ALTER TABLE wp_towers ADD COLUMN note tinytext DEFAULT '',         /* Add note column */ made by require_once('wp-admin/admin.php'), require_once('wp-load.php'), require_once('wp-config.php'), require_once('wp-settings.php'), do_action('plugins_loaded'), WP_Hook->do_action, WP_Hook->apply_filters, tower_manager_update_db_check, tower_manager_create_table, dbDelta
[07-Oct-2024 17:05:36 UTC] WordPress database error You have an error in your SQL syntax; check the manual that corresponds to your MySQL server version for the right syntax to use near '' at line 1 for query ALTER TABLE wp_towers ADD COLUMN weights varchar(255) DEFAULT '',  /* Add weights column */ made by require_once('wp-admin/admin.php'), require_once('wp-load.php'), require_once('wp-config.php'), require_once('wp-settings.php'), do_action('plugins_loaded'), WP_Hook->do_action, WP_Hook->apply_filters, tower_manager_update_db_check, tower_manager_create_table, dbDelta
[07-Oct-2024 17:05:36 UTC] WordPress database error You have an error in your SQL syntax; check the manual that corresponds to your MySQL server version for the right syntax to use near '' at line 1 for query ALTER TABLE wp_towers ADD COLUMN note tinytext DEFAULT '',         /* Add note column */ made by require_once('wp-admin/admin.php'), require_once('wp-load.php'), require_once('wp-config.php'), require_once('wp-settings.php'), do_action('plugins_loaded'), WP_Hook->do_action, WP_Hook->apply_filters, tower_manager_update_db_check, tower_manager_create_table, dbDelta
[07-Oct-2024 17:05:50 UTC] WordPress database error You have an error in your SQL syntax; check the manual that corresponds to your MySQL server version for the right syntax to use near '' at line 1 for query ALTER TABLE wp_towers ADD COLUMN weights varchar(255) DEFAULT '',  /* Add weights column */ made by activate_plugin, do_action('activate_second-10.php_/second.php'), WP_Hook->do_action, WP_Hook->apply_filters, tower_manager_create_table, dbDelta
[07-Oct-2024 17:05:50 UTC] WordPress database error You have an error in your SQL syntax; check the manual that corresponds to your MySQL server version for the right syntax to use near '' at line 1 for query ALTER TABLE wp_towers ADD COLUMN note tinytext DEFAULT '',         /* Add note column */ made by activate_plugin, do_action('activate_second-10.php_/second.php'), WP_Hook->do_action, WP_Hook->apply_filters, tower_manager_create_table, dbDelta
[07-Oct-2024 17:05:50 UTC] WordPress database error You have an error in your SQL syntax; check the manual that corresponds to your MySQL server version for the right syntax to use near '' at line 1 for query ALTER TABLE wp_towers ADD COLUMN weights varchar(255) DEFAULT '',  /* Add weights column */ made by require_once('wp-admin/admin.php'), require_once('wp-load.php'), require_once('wp-config.php'), require_once('wp-settings.php'), do_action('plugins_loaded'), WP_Hook->do_action, WP_Hook->apply_filters, tower_manager_update_db_check, tower_manager_create_table, dbDelta
[07-Oct-2024 17:05:50 UTC] WordPress database error You have an error in your SQL syntax; check the manual that corresponds to your MySQL server version for the right syntax to use near '' at line 1 for query ALTER TABLE wp_towers ADD COLUMN note tinytext DEFAULT '',         /* Add note column */ made by require_once('wp-admin/admin.php'), require_once('wp-load.php'), require_once('wp-config.php'), require_once('wp-settings.php'), do_action('plugins_loaded'), WP_Hook->do_action, WP_Hook->apply_filters, tower_manager_update_db_check, tower_manager_create_table, dbDelta
[07-Oct-2024 17:05:51 UTC] WordPress database error You have an error in your SQL syntax; check the manual that corresponds to your MySQL server version for the right syntax to use near '' at line 1 for query ALTER TABLE wp_towers ADD COLUMN weights varchar(255) DEFAULT '',  /* Add weights column */ made by require_once('wp-load.php'), require_once('wp-config.php'), require_once('wp-settings.php'), do_action('plugins_loaded'), WP_Hook->do_action, WP_Hook->apply_filters, tower_manager_update_db_check, tower_manager_create_table, dbDelta
[07-Oct-2024 17:05:51 UTC] WordPress database error You have an error in your SQL syntax; check the manual that corresponds to your MySQL server version for the right syntax to use near '' at line 1 for query ALTER TABLE wp_towers ADD COLUMN note tinytext DEFAULT '',         /* Add note column */ made by require_once('wp-load.php'), require_once('wp-config.php'), require_once('wp-settings.php'), do_action('plugins_loaded'), WP_Hook->do_action, WP_Hook->apply_filters, tower_manager_update_db_check, tower_manager_create_table, dbDelta
[07-Oct-2024 17:05:53 UTC] WordPress database error You have an error in your SQL syntax; check the manual that corresponds to your MySQL server version for the right syntax to use near '' at line 1 for query ALTER TABLE wp_towers ADD COLUMN weights varchar(255) DEFAULT '',  /* Add weights column */ made by require_once('wp-load.php'), require_once('wp-config.php'), require_once('wp-settings.php'), do_action('plugins_loaded'), WP_Hook->do_action, WP_Hook->apply_filters, tower_manager_update_db_check, tower_manager_create_table, dbDelta
[07-Oct-2024 17:05:53 UTC] WordPress database error You have an error in your SQL syntax; check the manual that corresponds to your MySQL server version for the right syntax to use near '' at line 1 for query ALTER TABLE wp_towers ADD COLUMN note tinytext DEFAULT '',         /* Add note column */ made by require_once('wp-load.php'), require_once('wp-config.php'), require_once('wp-settings.php'), do_action('plugins_loaded'), WP_Hook->do_action, WP_Hook->apply_filters, tower_manager_update_db_check, tower_manager_create_table, dbDelta
[07-Oct-2024 17:06:09 UTC] WordPress database error You have an error in your SQL syntax; check the manual that corresponds to your MySQL server version for the right syntax to use near '' at line 1 for query ALTER TABLE wp_towers ADD COLUMN weights varchar(255) DEFAULT '',  /* Add weights column */ made by require_once('wp-load.php'), require_once('wp-config.php'), require_once('wp-settings.php'), do_action('plugins_loaded'), WP_Hook->do_action, WP_Hook->apply_filters, tower_manager_update_db_check, tower_manager_create_table, dbDelta
[07-Oct-2024 17:06:09 UTC] WordPress database error You have an error in your SQL syntax; check the manual that corresponds to your MySQL server version for the right syntax to use near '' at line 1 for query ALTER TABLE wp_towers ADD COLUMN note tinytext DEFAULT '',         /* Add note column */ made by require_once('wp-load.php'), require_once('wp-config.php'), require_once('wp-settings.php'), do_action('plugins_loaded'), WP_Hook->do_action, WP_Hook->apply_filters, tower_manager_update_db_check, tower_manager_create_table, dbDelta
[07-Oct-2024 17:06:09 UTC] WordPress database error Unknown column 'weights' in 'field list' for query INSERT INTO `wp_towers` (`name`, `bells`, `image_id`, `weights`, `note`) VALUES ('Tower A', '8', 'Unknown-3.jpg', 'r', 'h') made by do_action('toplevel_page_tower-manager'), WP_Hook->do_action, WP_Hook->apply_filters, tower_manager_page
[07-Oct-2024 17:06:09 UTC] WordPress database error Unknown column 'weights' in 'field list' for query INSERT INTO `wp_towers` (`name`, `bells`, `image_id`, `weights`, `note`) VALUES ('Tower B', '6', 'Unknown.jpg', 's', 'i') made by do_action('toplevel_page_tower-manager'), WP_Hook->do_action, WP_Hook->apply_filters, tower_manager_page
[07-Oct-2024 17:06:09 UTC] WordPress database error Unknown column 'weights' in 'field list' for query INSERT INTO `wp_towers` (`name`, `bells`, `image_id`, `weights`, `note`) VALUES ('Tower C', '10', 'Unknown-2.jpg', 's', 'h') made by do_action('toplevel_page_tower-manager'), WP_Hook->do_action, WP_Hook->apply_filters, tower_manager_page
[07-Oct-2024 17:06:09 UTC] WordPress database error Unknown column 'weights' in 'field list' for query INSERT INTO `wp_towers` (`name`, `bells`, `image_id`, `weights`, `note`) VALUES ('Tower D', '8', 'Unknown-3.jpg', 's', 'i') made by do_action('toplevel_page_tower-manager'), WP_Hook->do_action, WP_Hook->apply_filters, tower_manager_page
[07-Oct-2024 17:06:09 UTC] WordPress database error Unknown column 'weights' in 'field list' for query INSERT INTO `wp_towers` (`name`, `bells`, `image_id`, `weights`, `note`) VALUES ('Tower E', '6', 'Unknown-3.jpg', 's', 'h') made by do_action('toplevel_page_tower-manager'), WP_Hook->do_action, WP_Hook->apply_filters, tower_manager_page
[07-Oct-2024 17:06:09 UTC] WordPress database error Unknown column 'weights' in 'field list' for query INSERT INTO `wp_towers` (`name`, `bells`, `image_id`, `weights`, `note`) VALUES ('Tower F', '6', 'Unknown-3.jpg', 'w', 'i') made by do_action('toplevel_page_tower-manager'), WP_Hook->do_action, WP_Hook->apply_filters, tower_manager_page
[07-Oct-2024 17:07:00 UTC] WordPress database error You have an error in your SQL syntax; check the manual that corresponds to your MySQL server version for the right syntax to use near '' at line 1 for query ALTER TABLE wp_towers ADD COLUMN weights varchar(255) DEFAULT '',  /* Add weights column */ made by require_once('wp-admin/admin.php'), require_once('wp-load.php'), require_once('wp-config.php'), require_once('wp-settings.php'), do_action('plugins_loaded'), WP_Hook->do_action, WP_Hook->apply_filters, tower_manager_update_db_check, tower_manager_create_table, dbDelta
[07-Oct-2024 17:07:00 UTC] WordPress database error You have an error in your SQL syntax; check the manual that corresponds to your MySQL server version for the right syntax to use near '' at line 1 for query ALTER TABLE wp_towers ADD COLUMN note tinytext DEFAULT '',         /* Add note column */ made by require_once('wp-admin/admin.php'), require_once('wp-load.php'), require_once('wp-config.php'), require_once('wp-settings.php'), do_action('plugins_loaded'), WP_Hook->do_action, WP_Hook->apply_filters, tower_manager_update_db_check, tower_manager_create_table, dbDelta
[07-Oct-2024 17:07:00 UTC] WordPress database error You have an error in your SQL syntax; check the manual that corresponds to your MySQL server version for the right syntax to use near '' at line 1 for query ALTER TABLE wp_towers ADD COLUMN weights varchar(255) DEFAULT '',  /* Add weights column */ made by require_once('wp-load.php'), require_once('wp-config.php'), require_once('wp-settings.php'), do_action('plugins_loaded'), WP_Hook->do_action, WP_Hook->apply_filters, tower_manager_update_db_check, tower_manager_create_table, dbDelta
[07-Oct-2024 17:07:00 UTC] WordPress database error You have an error in your SQL syntax; check the manual that corresponds to your MySQL server version for the right syntax to use near '' at line 1 for query ALTER TABLE wp_towers ADD COLUMN note tinytext DEFAULT '',         /* Add note column */ made by require_once('wp-load.php'), require_once('wp-config.php'), require_once('wp-settings.php'), do_action('plugins_loaded'), WP_Hook->do_action, WP_Hook->apply_filters, tower_manager_update_db_check, tower_manager_create_table, dbDelta
[07-Oct-2024 17:07:02 UTC] WordPress database error You have an error in your SQL syntax; check the manual that corresponds to your MySQL server version for the right syntax to use near '' at line 1 for query ALTER TABLE wp_towers ADD COLUMN weights varchar(255) DEFAULT '',  /* Add weights column */ made by require_once('wp-admin/admin.php'), require_once('wp-load.php'), require_once('wp-config.php'), require_once('wp-settings.php'), do_action('plugins_loaded'), WP_Hook->do_action, WP_Hook->apply_filters, tower_manager_update_db_check, tower_manager_create_table, dbDelta
[07-Oct-2024 17:07:02 UTC] WordPress database error You have an error in your SQL syntax; check the manual that corresponds to your MySQL server version for the right syntax to use near '' at line 1 for query ALTER TABLE wp_towers ADD COLUMN note tinytext DEFAULT '',         /* Add note column */ made by require_once('wp-admin/admin.php'), require_once('wp-load.php'), require_once('wp-config.php'), require_once('wp-settings.php'), do_action('plugins_loaded'), WP_Hook->do_action, WP_Hook->apply_filters, tower_manager_update_db_check, tower_manager_create_table, dbDelta
